E:\STUDENTS PROJECT DIRECTX\PROJECT1_BOX2D_CIRCLE_POLYGON_TEXTURES\PROJECT1_BOX2D_CIRCLE_POLYGON_TEXTURES\DEBUG\SOURCE.OBJ
E:\STUDENTS PROJECT DIRECTX\PROJECT1_BOX2D_CIRCLE_POLYGON_TEXTURES\PROJECT1_BOX2D_CIRCLE_POLYGON_TEXTURES\DEBUG\VC110.PDB
E:\STUDENTS PROJECT DIRECTX\PROJECT1_BOX2D_CIRCLE_POLYGON_TEXTURES\DEBUG\PROJECT1_BOX2D_CIRCLE_POLYGON_TEXTURES.ILK
E:\STUDENTS PROJECT DIRECTX\PROJECT1_BOX2D_CIRCLE_POLYGON_TEXTURES\DEBUG\PROJECT1_BOX2D_CIRCLE_POLYGON_TEXTURES.EXE
E:\STUDENTS PROJECT DIRECTX\PROJECT1_BOX2D_CIRCLE_POLYGON_TEXTURES\DEBUG\PROJECT1_BOX2D_CIRCLE_POLYGON_TEXTURES.PDB
E:\students project Directx\Project1_Box2d_circle_polygon_textures\Project1_Box2d_circle_polygon_textures\Debug\Source.obj
E:\students project Directx\Project1_Box2d_circle_polygon_textures\Project1_Box2d_circle_polygon_textures\Debug\cl.command.1.tlog
E:\students project Directx\Project1_Box2d_circle_polygon_textures\Project1_Box2d_circle_polygon_textures\Debug\CL.read.1.tlog
E:\students project Directx\Project1_Box2d_circle_polygon_textures\Project1_Box2d_circle_polygon_textures\Debug\CL.write.1.tlog
E:\students project Directx\Project1_Box2d_circle_polygon_textures\Project1_Box2d_circle_polygon_textures\Debug\link-cvtres.read.1.tlog
E:\students project Directx\Project1_Box2d_circle_polygon_textures\Project1_Box2d_circle_polygon_textures\Debug\link-cvtres.write.1.tlog
E:\students project Directx\Project1_Box2d_circle_polygon_textures\Project1_Box2d_circle_polygon_textures\Debug\link-rc.read.1.tlog
E:\students project Directx\Project1_Box2d_circle_polygon_textures\Project1_Box2d_circle_polygon_textures\Debug\link-rc.write.1.tlog
E:\students project Directx\Project1_Box2d_circle_polygon_textures\Project1_Box2d_circle_polygon_textures\Debug\link.command.1.tlog
E:\students project Directx\Project1_Box2d_circle_polygon_textures\Project1_Box2d_circle_polygon_textures\Debug\link.read.1.tlog
E:\students project Directx\Project1_Box2d_circle_polygon_textures\Project1_Box2d_circle_polygon_textures\Debug\link.write.1.tlog
E:\students project Directx\Project1_Box2d_circle_polygon_textures\Project1_Box2d_circle_polygon_textures\Debug\vc110.idb
E:\students project Directx\Project1_Box2d_circle_polygon_textures\Project1_Box2d_circle_polygon_textures\Debug\vc110.pdb
E:\students project Directx\Project1_Box2d_circle_polygon_textures\Debug\Project1_Box2d_circle_polygon_textures.pdb
E:\students project Directx\Project1_Box2d_circle_polygon_textures\Debug\Project1_Box2d_circle_polygon_textures.exe
E:\students project Directx\Project1_Box2d_circle_polygon_textures\Debug\Project1_Box2d_circle_polygon_textures.ilk
