Build started 3/6/2018 10:53:57 AM.
     1>Project "E:\Box2d\Project1_Box2d_circle_polygon_textures\Project1_Box2d_circle_polygon_textures\Project1_Box2d_circle_polygon_textures.vcxproj" on node 2 (Build target(s)).
     1>ClCompile:
         C:\Program Files (x86)\Microsoft Visual Studio 11.0\VC\bin\CL.exe /c /I"E:\Opengl ebooks\softwares\opengl-wrappers\glfw-3.1.2.bin.WIN32\glfw-3.1.2.bin.WIN32\include" /I"E:\Opengl ebooks\softwares\opengl-wrappers\soil\Simple OpenGL Image Library\src" /I"D:\Code blocks box2d\Box2D-master (1)\Box2D-master\Box2D" /ZI /nologo /W3 /WX- /Od /Oy- /D _MBCS /Gm /EHsc /RTC1 /MDd /GS /fp:precise /Zc:wchar_t /Zc:forScope /Fo"Debug\\" /Fd"Debug\vc110.pdb" /Gd /TP /analyze- /errorReport:prompt Source.cpp
         Source.cpp
     1>e:\box2d\project1_box2d_circle_polygon_textures\project1_box2d_circle_polygon_textures\source.cpp(65): warning C4305: '=' : truncation from 'double' to 'float32'
     1>e:\box2d\project1_box2d_circle_polygon_textures\project1_box2d_circle_polygon_textures\source.cpp(88): warning C4305: '=' : truncation from 'double' to 'float32'
     1>e:\box2d\project1_box2d_circle_polygon_textures\project1_box2d_circle_polygon_textures\source.cpp(99): warning C4244: 'argument' : conversion from 'double' to 'GLfloat', possible loss of data
     1>e:\box2d\project1_box2d_circle_polygon_textures\project1_box2d_circle_polygon_textures\source.cpp(111): warning C4244: 'initializing' : conversion from 'double' to 'float', possible loss of data
     1>e:\box2d\project1_box2d_circle_polygon_textures\project1_box2d_circle_polygon_textures\source.cpp(116): warning C4244: 'initializing' : conversion from 'double' to 'float', possible loss of data
     1>e:\box2d\project1_box2d_circle_polygon_textures\project1_box2d_circle_polygon_textures\source.cpp(117): warning C4244: 'initializing' : conversion from 'double' to 'float', possible loss of data
     1>e:\box2d\project1_box2d_circle_polygon_textures\project1_box2d_circle_polygon_textures\source.cpp(131): warning C4244: 'argument' : conversion from 'double' to 'GLfloat', possible loss of data
     1>e:\box2d\project1_box2d_circle_polygon_textures\project1_box2d_circle_polygon_textures\source.cpp(162): warning C4305: 'argument' : truncation from 'double' to 'float'
     1>e:\box2d\project1_box2d_circle_polygon_textures\project1_box2d_circle_polygon_textures\source.cpp(178): warning C4305: 'argument' : truncation from 'double' to 'float32'
     1>e:\box2d\project1_box2d_circle_polygon_textures\project1_box2d_circle_polygon_textures\source.cpp(196): warning C4305: 'argument' : truncation from 'double' to 'float32'
     1>e:\box2d\project1_box2d_circle_polygon_textures\project1_box2d_circle_polygon_textures\source.cpp(210): warning C4244: 'argument' : conversion from 'double' to 'int', possible loss of data
     1>e:\box2d\project1_box2d_circle_polygon_textures\project1_box2d_circle_polygon_textures\source.cpp(223): warning C4244: 'argument' : conversion from 'double' to 'int', possible loss of data
       Link:
         C:\Program Files (x86)\Microsoft Visual Studio 11.0\VC\bin\link.exe /ERRORREPORT:PROMPT /OUT:"E:\Box2d\Project1_Box2d_circle_polygon_textures\Debug\Project1_Box2d_circle_polygon_textures.exe" /INCREMENTAL /NOLOGO /LIBPATH:"E:\Opengl ebooks\softwares\opengl-wrappers\glfw-3.1.2.bin.WIN32\glfw-3.1.2.bin.WIN32\lib-vc2012" /LIBPATH:"E:\Opengl ebooks\softwares\opengl-wrappers\soil\Simple OpenGL Image Library\lib" /LIBPATH:"D:\Code blocks box2d\Box2D-master (1)\Box2D-master\Box2D\lib" opengl32.lib glfw3.lib SOIL.lib Box2D.lib kernel32.lib user32.lib gdi32.lib winspool.lib comdlg32.lib advapi32.lib shell32.lib ole32.lib oleaut32.lib uuid.lib odbc32.lib odbccp32.lib /MANIFEST /MANIFESTUAC:"level='asInvoker' uiAccess='false'" /manifest:embed /DEBUG /PDB:"E:\Box2d\Project1_Box2d_circle_polygon_textures\Debug\Project1_Box2d_circle_polygon_textures.pdb" /TLBID:1 /DYNAMICBASE /NXCOMPAT /IMPLIB:"E:\Box2d\Project1_Box2d_circle_polygon_textures\Debug\Project1_Box2d_circle_polygon_textures.lib" /MACHINE:X86 Debug\Source.obj
     1>LINK : warning LNK4098: defaultlib 'MSVCRT' conflicts with use of other libs; use /NODEFAULTLIB:library
     1>Box2D.lib(b2DistanceJoint.obj) : warning LNK4099: PDB 'vc110.pdb' was not found with 'Box2D.lib(b2DistanceJoint.obj)' or at 'E:\Box2d\Project1_Box2d_circle_polygon_textures\Debug\vc110.pdb'; linking object as if no debug info
     1>Box2D.lib(b2FrictionJoint.obj) : warning LNK4099: PDB 'vc110.pdb' was not found with 'Box2D.lib(b2FrictionJoint.obj)' or at 'E:\Box2d\Project1_Box2d_circle_polygon_textures\Debug\vc110.pdb'; linking object as if no debug info
     1>Box2D.lib(b2GearJoint.obj) : warning LNK4099: PDB 'vc110.pdb' was not found with 'Box2D.lib(b2GearJoint.obj)' or at 'E:\Box2d\Project1_Box2d_circle_polygon_textures\Debug\vc110.pdb'; linking object as if no debug info
     1>Box2D.lib(b2Joint.obj) : warning LNK4099: PDB 'vc110.pdb' was not found with 'Box2D.lib(b2Joint.obj)' or at 'E:\Box2d\Project1_Box2d_circle_polygon_textures\Debug\vc110.pdb'; linking object as if no debug info
     1>Box2D.lib(b2MotorJoint.obj) : warning LNK4099: PDB 'vc110.pdb' was not found with 'Box2D.lib(b2MotorJoint.obj)' or at 'E:\Box2d\Project1_Box2d_circle_polygon_textures\Debug\vc110.pdb'; linking object as if no debug info
     1>Box2D.lib(b2MouseJoint.obj) : warning LNK4099: PDB 'vc110.pdb' was not found with 'Box2D.lib(b2MouseJoint.obj)' or at 'E:\Box2d\Project1_Box2d_circle_polygon_textures\Debug\vc110.pdb'; linking object as if no debug info
     1>Box2D.lib(b2PrismaticJoint.obj) : warning LNK4099: PDB 'vc110.pdb' was not found with 'Box2D.lib(b2PrismaticJoint.obj)' or at 'E:\Box2d\Project1_Box2d_circle_polygon_textures\Debug\vc110.pdb'; linking object as if no debug info
     1>Box2D.lib(b2PulleyJoint.obj) : warning LNK4099: PDB 'vc110.pdb' was not found with 'Box2D.lib(b2PulleyJoint.obj)' or at 'E:\Box2d\Project1_Box2d_circle_polygon_textures\Debug\vc110.pdb'; linking object as if no debug info
     1>Box2D.lib(b2RevoluteJoint.obj) : warning LNK4099: PDB 'vc110.pdb' was not found with 'Box2D.lib(b2RevoluteJoint.obj)' or at 'E:\Box2d\Project1_Box2d_circle_polygon_textures\Debug\vc110.pdb'; linking object as if no debug info
     1>Box2D.lib(b2RopeJoint.obj) : warning LNK4099: PDB 'vc110.pdb' was not found with 'Box2D.lib(b2RopeJoint.obj)' or at 'E:\Box2d\Project1_Box2d_circle_polygon_textures\Debug\vc110.pdb'; linking object as if no debug info
     1>Box2D.lib(b2WeldJoint.obj) : warning LNK4099: PDB 'vc110.pdb' was not found with 'Box2D.lib(b2WeldJoint.obj)' or at 'E:\Box2d\Project1_Box2d_circle_polygon_textures\Debug\vc110.pdb'; linking object as if no debug info
     1>Box2D.lib(b2WheelJoint.obj) : warning LNK4099: PDB 'vc110.pdb' was not found with 'Box2D.lib(b2WheelJoint.obj)' or at 'E:\Box2d\Project1_Box2d_circle_polygon_textures\Debug\vc110.pdb'; linking object as if no debug info
     1>Box2D.lib(b2CircleContact.obj) : warning LNK4099: PDB 'vc110.pdb' was not found with 'Box2D.lib(b2CircleContact.obj)' or at 'E:\Box2d\Project1_Box2d_circle_polygon_textures\Debug\vc110.pdb'; linking object as if no debug info
     1>Box2D.lib(b2Contact.obj) : warning LNK4099: PDB 'vc110.pdb' was not found with 'Box2D.lib(b2Contact.obj)' or at 'E:\Box2d\Project1_Box2d_circle_polygon_textures\Debug\vc110.pdb'; linking object as if no debug info
     1>Box2D.lib(b2ContactSolver.obj) : warning LNK4099: PDB 'vc110.pdb' was not found with 'Box2D.lib(b2ContactSolver.obj)' or at 'E:\Box2d\Project1_Box2d_circle_polygon_textures\Debug\vc110.pdb'; linking object as if no debug info
     1>Box2D.lib(b2PolygonAndCircleContact.obj) : warning LNK4099: PDB 'vc110.pdb' was not found with 'Box2D.lib(b2PolygonAndCircleContact.obj)' or at 'E:\Box2d\Project1_Box2d_circle_polygon_textures\Debug\vc110.pdb'; linking object as if no debug info
     1>Box2D.lib(b2EdgeAndCircleContact.obj) : warning LNK4099: PDB 'vc110.pdb' was not found with 'Box2D.lib(b2EdgeAndCircleContact.obj)' or at 'E:\Box2d\Project1_Box2d_circle_polygon_textures\Debug\vc110.pdb'; linking object as if no debug info
     1>Box2D.lib(b2EdgeAndPolygonContact.obj) : warning LNK4099: PDB 'vc110.pdb' was not found with 'Box2D.lib(b2EdgeAndPolygonContact.obj)' or at 'E:\Box2d\Project1_Box2d_circle_polygon_textures\Debug\vc110.pdb'; linking object as if no debug info
     1>Box2D.lib(b2ChainAndCircleContact.obj) : warning LNK4099: PDB 'vc110.pdb' was not found with 'Box2D.lib(b2ChainAndCircleContact.obj)' or at 'E:\Box2d\Project1_Box2d_circle_polygon_textures\Debug\vc110.pdb'; linking object as if no debug info
     1>Box2D.lib(b2ChainAndPolygonContact.obj) : warning LNK4099: PDB 'vc110.pdb' was not found with 'Box2D.lib(b2ChainAndPolygonContact.obj)' or at 'E:\Box2d\Project1_Box2d_circle_polygon_textures\Debug\vc110.pdb'; linking object as if no debug info
     1>Box2D.lib(b2PolygonContact.obj) : warning LNK4099: PDB 'vc110.pdb' was not found with 'Box2D.lib(b2PolygonContact.obj)' or at 'E:\Box2d\Project1_Box2d_circle_polygon_textures\Debug\vc110.pdb'; linking object as if no debug info
     1>Box2D.lib(b2Body.obj) : warning LNK4099: PDB 'vc110.pdb' was not found with 'Box2D.lib(b2Body.obj)' or at 'E:\Box2d\Project1_Box2d_circle_polygon_textures\Debug\vc110.pdb'; linking object as if no debug info
     1>Box2D.lib(b2ContactManager.obj) : warning LNK4099: PDB 'vc110.pdb' was not found with 'Box2D.lib(b2ContactManager.obj)' or at 'E:\Box2d\Project1_Box2d_circle_polygon_textures\Debug\vc110.pdb'; linking object as if no debug info
     1>Box2D.lib(b2Fixture.obj) : warning LNK4099: PDB 'vc110.pdb' was not found with 'Box2D.lib(b2Fixture.obj)' or at 'E:\Box2d\Project1_Box2d_circle_polygon_textures\Debug\vc110.pdb'; linking object as if no debug info
     1>Box2D.lib(b2Island.obj) : warning LNK4099: PDB 'vc110.pdb' was not found with 'Box2D.lib(b2Island.obj)' or at 'E:\Box2d\Project1_Box2d_circle_polygon_textures\Debug\vc110.pdb'; linking object as if no debug info
     1>Box2D.lib(b2World.obj) : warning LNK4099: PDB 'vc110.pdb' was not found with 'Box2D.lib(b2World.obj)' or at 'E:\Box2d\Project1_Box2d_circle_polygon_textures\Debug\vc110.pdb'; linking object as if no debug info
     1>Box2D.lib(b2WorldCallbacks.obj) : warning LNK4099: PDB 'vc110.pdb' was not found with 'Box2D.lib(b2WorldCallbacks.obj)' or at 'E:\Box2d\Project1_Box2d_circle_polygon_textures\Debug\vc110.pdb'; linking object as if no debug info
     1>Box2D.lib(b2BlockAllocator.obj) : warning LNK4099: PDB 'vc110.pdb' was not found with 'Box2D.lib(b2BlockAllocator.obj)' or at 'E:\Box2d\Project1_Box2d_circle_polygon_textures\Debug\vc110.pdb'; linking object as if no debug info
     1>Box2D.lib(b2Draw.obj) : warning LNK4099: PDB 'vc110.pdb' was not found with 'Box2D.lib(b2Draw.obj)' or at 'E:\Box2d\Project1_Box2d_circle_polygon_textures\Debug\vc110.pdb'; linking object as if no debug info
     1>Box2D.lib(b2Math.obj) : warning LNK4099: PDB 'vc110.pdb' was not found with 'Box2D.lib(b2Math.obj)' or at 'E:\Box2d\Project1_Box2d_circle_polygon_textures\Debug\vc110.pdb'; linking object as if no debug info
     1>Box2D.lib(b2Settings.obj) : warning LNK4099: PDB 'vc110.pdb' was not found with 'Box2D.lib(b2Settings.obj)' or at 'E:\Box2d\Project1_Box2d_circle_polygon_textures\Debug\vc110.pdb'; linking object as if no debug info
     1>Box2D.lib(b2StackAllocator.obj) : warning LNK4099: PDB 'vc110.pdb' was not found with 'Box2D.lib(b2StackAllocator.obj)' or at 'E:\Box2d\Project1_Box2d_circle_polygon_textures\Debug\vc110.pdb'; linking object as if no debug info
     1>Box2D.lib(b2Timer.obj) : warning LNK4099: PDB 'vc110.pdb' was not found with 'Box2D.lib(b2Timer.obj)' or at 'E:\Box2d\Project1_Box2d_circle_polygon_textures\Debug\vc110.pdb'; linking object as if no debug info
     1>Box2D.lib(b2CircleShape.obj) : warning LNK4099: PDB 'vc110.pdb' was not found with 'Box2D.lib(b2CircleShape.obj)' or at 'E:\Box2d\Project1_Box2d_circle_polygon_textures\Debug\vc110.pdb'; linking object as if no debug info
     1>Box2D.lib(b2EdgeShape.obj) : warning LNK4099: PDB 'vc110.pdb' was not found with 'Box2D.lib(b2EdgeShape.obj)' or at 'E:\Box2d\Project1_Box2d_circle_polygon_textures\Debug\vc110.pdb'; linking object as if no debug info
     1>Box2D.lib(b2ChainShape.obj) : warning LNK4099: PDB 'vc110.pdb' was not found with 'Box2D.lib(b2ChainShape.obj)' or at 'E:\Box2d\Project1_Box2d_circle_polygon_textures\Debug\vc110.pdb'; linking object as if no debug info
     1>Box2D.lib(b2PolygonShape.obj) : warning LNK4099: PDB 'vc110.pdb' was not found with 'Box2D.lib(b2PolygonShape.obj)' or at 'E:\Box2d\Project1_Box2d_circle_polygon_textures\Debug\vc110.pdb'; linking object as if no debug info
     1>Box2D.lib(b2BroadPhase.obj) : warning LNK4099: PDB 'vc110.pdb' was not found with 'Box2D.lib(b2BroadPhase.obj)' or at 'E:\Box2d\Project1_Box2d_circle_polygon_textures\Debug\vc110.pdb'; linking object as if no debug info
     1>Box2D.lib(b2CollideCircle.obj) : warning LNK4099: PDB 'vc110.pdb' was not found with 'Box2D.lib(b2CollideCircle.obj)' or at 'E:\Box2d\Project1_Box2d_circle_polygon_textures\Debug\vc110.pdb'; linking object as if no debug info
     1>Box2D.lib(b2CollideEdge.obj) : warning LNK4099: PDB 'vc110.pdb' was not found with 'Box2D.lib(b2CollideEdge.obj)' or at 'E:\Box2d\Project1_Box2d_circle_polygon_textures\Debug\vc110.pdb'; linking object as if no debug info
     1>Box2D.lib(b2CollidePolygon.obj) : warning LNK4099: PDB 'vc110.pdb' was not found with 'Box2D.lib(b2CollidePolygon.obj)' or at 'E:\Box2d\Project1_Box2d_circle_polygon_textures\Debug\vc110.pdb'; linking object as if no debug info
     1>Box2D.lib(b2Collision.obj) : warning LNK4099: PDB 'vc110.pdb' was not found with 'Box2D.lib(b2Collision.obj)' or at 'E:\Box2d\Project1_Box2d_circle_polygon_textures\Debug\vc110.pdb'; linking object as if no debug info
     1>Box2D.lib(b2Distance.obj) : warning LNK4099: PDB 'vc110.pdb' was not found with 'Box2D.lib(b2Distance.obj)' or at 'E:\Box2d\Project1_Box2d_circle_polygon_textures\Debug\vc110.pdb'; linking object as if no debug info
     1>Box2D.lib(b2DynamicTree.obj) : warning LNK4099: PDB 'vc110.pdb' was not found with 'Box2D.lib(b2DynamicTree.obj)' or at 'E:\Box2d\Project1_Box2d_circle_polygon_textures\Debug\vc110.pdb'; linking object as if no debug info
     1>Box2D.lib(b2TimeOfImpact.obj) : warning LNK4099: PDB 'vc110.pdb' was not found with 'Box2D.lib(b2TimeOfImpact.obj)' or at 'E:\Box2d\Project1_Box2d_circle_polygon_textures\Debug\vc110.pdb'; linking object as if no debug info
         Project1_Box2d_circle_polygon_textures.vcxproj -> E:\Box2d\Project1_Box2d_circle_polygon_textures\Debug\Project1_Box2d_circle_polygon_textures.exe
     1>Done Building Project "E:\Box2d\Project1_Box2d_circle_polygon_textures\Project1_Box2d_circle_polygon_textures\Project1_Box2d_circle_polygon_textures.vcxproj" (Build target(s)).

Build succeeded.

Time Elapsed 00:00:11.24
